
Circuit 1 cell sky130_fd_pr__pfet_01v8 and Circuit 2 cell sky130_fd_pr__pfet_01v8 are black boxes.
Equate elements:  no current cell.
Device classes sky130_fd_pr__pfet_01v8 and sky130_fd_pr__pfet_01v8 are equivalent.

Circuit 1 cell sky130_fd_pr__nfet_01v8 and Circuit 2 cell sky130_fd_pr__nfet_01v8 are black boxes.
Equate elements:  no current cell.
Device classes sky130_fd_pr__nfet_01v8 and sky130_fd_pr__nfet_01v8 are equivalent.

Subcircuit summary:
Circuit 1: /home/prime/.xschem/simulations |Circuit 2: main.spice                      
-------------------------------------------|-------------------------------------------
sky130_fd_pr__pfet_01v8 (84)               |sky130_fd_pr__pfet_01v8 (84)               
sky130_fd_pr__nfet_01v8 (84)               |sky130_fd_pr__nfet_01v8 (84)               
Number of devices: 168                     |Number of devices: 168                     
Number of nets: 118                        |Number of nets: 118                        
---------------------------------------------------------------------------------------
Resolving symmetries by property value.
Resolving symmetries by pin name.
Resolving symmetries by net name.
Netlists match with 71 symmetries.
Cells have no pins;  pin matching not needed.
Device classes /home/prime/.xschem/simulations/main.spice and main.spice are equivalent.

Final result: Circuits match uniquely.
.
